[[34m2023-04-01 14:33:30[39m] [[33merror[39m]: Error at log in user: TypeError: Cannot read properties of null (reading 'body')
[[34m2023-04-01 14:34:36[39m] [[33merror[39m]: Error at log in user: TypeError: Cannot read properties of null (reading 'body')
[[34m2023-04-01 14:34:53[39m] [[33merror[39m]: Error at log in user: TypeError: res.status is not a function
[[34m2023-04-01 14:36:59[39m] [[33merror[39m]: Error at log in user: TypeError: res.status is not a function
[[34m2023-04-01 14:37:36[39m] [[33merror[39m]: Error at log in user: TypeError: res.status is not a function
[[34m2023-04-01 14:45:46[39m] [[33merror[39m]: Error at log in user: TypeError: res.json is not a function
[[34m2023-04-01 16:13:12[39m] [[33merror[39m]: Error at log in user: TypeError: Cannot read properties of null (reading 'status')
[[34m2023-04-01 16:49:30[39m] [[33merror[39m]: Error at log in user: TypeError: Cannot read properties of null (reading 'status')
[[34m2023-04-01 16:49:57[39m] [[33merror[39m]: Error at log in user: TypeError: Cannot read properties of undefined (reading 'status')
[[34m2023-04-01 16:50:14[39m] [[33merror[39m]: Error at log in user: TypeError: Cannot read properties of undefined (reading 'json')
[[34m2023-04-01 16:56:39[39m] [[33merror[39m]: Error at log in user: TypeError: res.status is not a function
[[34m2023-04-01 16:56:59[39m] [[33merror[39m]: Error at log in user: TypeError: res.status is not a function
[[34m2023-04-01 16:57:38[39m] [[33merror[39m]: Error at log in user: TypeError: res.status is not a function
[[34m2023-04-01 16:59:30[39m] [[33merror[39m]: Error at log in user: TypeError: res.status is not a function
[[34m2023-04-01 17:06:19[39m] [[33merror[39m]: Error at log in user: TypeError: res.status is not a function
[[34m2023-04-02 19:50:20[39m] [[33merror[39m]: Error at controller getProducts: TypeError: Cannot read properties of undefined (reading 'serviceProducts')
[[34m2023-04-02 19:54:28[39m] [[33merror[39m]: Error at controller getProducts: TypeError: Cannot read properties of undefined (reading 'serviceProducts')
[[34m2023-04-02 20:11:46[39m] [[33merror[39m]: Error at controller getProducts: TypeError: Cannot read properties of undefined (reading 'serviceProducts')
[[34m2023-04-03 13:29:57[39m] [[33merror[39m]: Database error: MongoServerError: bad auth : authentication failed
[[34m2023-04-03 13:44:29[39m] [[33merror[39m]: Error at controller getProducts: TypeError: Cannot read properties of undefined (reading 'serviceProducts')
[[34m2023-04-03 21:02:05[39m] [[33merror[39m]: Error at getting all products: ValidationError: discount: Cast to Number failed for value "{}" (type Object) at path "discount"
[[34m2023-04-03 21:02:05[39m] [[33merror[39m]: Error at controller saveProduct: Error: Error at getting all products: ValidationError: discount: Cast to Number failed for value "{}" (type Object) at path "discount"
[[34m2023-04-04 22:22:00[39m] [[33merror[39m]: Invalid ObjectID: ValidationError: "value" length must be 24 characters long
[[34m2023-04-04 22:22:00[39m] [[33merror[39m]: Error deleting the product: Error
[[34m2023-04-04 22:22:00[39m] [[33merror[39m]: Error at controller deleteProduct: Error
[[34m2023-04-05 10:39:46[39m] [[33merror[39m]: Error at saving Product, ValidationError: category: Path `category` is required.
[[34m2023-04-05 11:16:21[39m] [[33merror[39m]: Invalid format of product: ValidationError: "thumbnail.backgroundUrl" is required
[[34m2023-04-05 11:17:00[39m] [[33merror[39m]: Invalid format of product: ValidationError: "thumbnail.backgroundUrl" is required
[[34m2023-04-05 11:17:00[39m] [[33merror[39m]: Error at saving product: Error
[[34m2023-04-05 11:17:00[39m] [[33merror[39m]: Error at controller saveProduct: Error
[[34m2023-04-05 11:17:31[39m] [[33merror[39m]: Invalid format of product: ValidationError: "thumbnail.imgPath" is required
[[34m2023-04-05 11:17:31[39m] [[33merror[39m]: Error at saving product: Error
[[34m2023-04-05 11:17:31[39m] [[33merror[39m]: Error at controller saveProduct: Error
[[34m2023-04-09 17:03:43[39m] [[33merror[39m]: Invalid format of product: ValidationError: "_id" is required
[[34m2023-04-09 17:03:43[39m] [[33merror[39m]: Error updating the product: Error
[[34m2023-04-09 17:03:43[39m] [[33merror[39m]: Error at controller updateProduct: Error
[[34m2023-04-09 17:04:37[39m] [[33merror[39m]: Invalid format of product: ValidationError: "_id" is required
[[34m2023-04-09 17:04:37[39m] [[33merror[39m]: Error updating the product: Error
[[34m2023-04-09 17:04:37[39m] [[33merror[39m]: Error at controller updateProduct: Error
[[34m2023-04-09 17:05:06[39m] [[33merror[39m]: Invalid format of product: ValidationError: "_id" is required
[[34m2023-04-09 17:05:06[39m] [[33merror[39m]: Error updating the product: Error
[[34m2023-04-09 17:05:06[39m] [[33merror[39m]: Error at controller updateProduct: Error
[[34m2023-04-09 17:05:53[39m] [[33merror[39m]: Invalid format of product: ValidationError: "_id" is required
[[34m2023-04-09 17:05:53[39m] [[33merror[39m]: Error updating the product: Error
[[34m2023-04-09 17:05:53[39m] [[33merror[39m]: Error at controller updateProduct: Error
[[34m2023-04-09 17:45:00[39m] [[33merror[39m]: Error at updating Product: CastError: Cast to ObjectId failed for value "" (type string) at path "_id" for model "Product"
[[34m2023-04-09 17:45:00[39m] [[33merror[39m]: Error updating the product: Error
[[34m2023-04-09 17:45:00[39m] [[33merror[39m]: Error at controller updateProduct: Error
[[34m2023-04-09 18:12:39[39m] [[33merror[39m]: Error at updating Product: TypeError: Cannot read properties of undefined (reading '_id')
[[34m2023-04-09 18:12:39[39m] [[33merror[39m]: Error updating the product: Error
[[34m2023-04-09 18:12:39[39m] [[33merror[39m]: Error at controller updateProduct: Error
[[34m2023-04-09 18:14:20[39m] [[33merror[39m]: Error at updating Product: TypeError: Cannot read properties of undefined (reading '_id')
[[34m2023-04-09 18:14:20[39m] [[33merror[39m]: Error updating the product: Error
[[34m2023-04-09 18:14:20[39m] [[33merror[39m]: Error at controller updateProduct: Error
[[34m2023-04-09 18:15:15[39m] [[33merror[39m]: Error at updating Product: TypeError: Cannot read properties of undefined (reading '_id')
[[34m2023-04-09 18:15:15[39m] [[33merror[39m]: Error updating the product: Error
[[34m2023-04-09 18:15:15[39m] [[33merror[39m]: Error at controller updateProduct: Error
[[34m2023-04-09 20:15:31[39m] [[33merror[39m]: Invalid format of product: ValidationError: "_id" must be a string
[[34m2023-04-09 20:15:31[39m] [[33merror[39m]: Error at saving product: Error
[[34m2023-04-09 20:15:31[39m] [[33merror[39m]: Error at controller saveProduct: Error
[[34m2023-04-10 01:34:30[39m] [[33merror[39m]: Invalid format of product: ValidationError: "_id" must be a string
[[34m2023-04-10 01:34:30[39m] [[33merror[39m]: Error at saving product: Error
[[34m2023-04-10 01:34:30[39m] [[33merror[39m]: Error at controller saveProduct: Error
[[34m2023-04-10 09:52:27[39m] [[33merror[39m]: Invalid format of product: ValidationError: "_id" must be a string
[[34m2023-04-10 09:52:27[39m] [[33merror[39m]: Error at saving product: Error
[[34m2023-04-10 09:52:27[39m] [[33merror[39m]: Error at controller saveProduct: Error
[[34m2023-04-10 09:58:50[39m] [[33merror[39m]: Invalid format of product: ValidationError: "_id" must be a string
[[34m2023-04-10 09:58:50[39m] [[33merror[39m]: Error at saving product: Error
[[34m2023-04-10 09:58:50[39m] [[33merror[39m]: Error at controller saveProduct: Error
[[34m2023-04-10 10:07:19[39m] [[33merror[39m]: Invalid format of product: ValidationError: "_id" must be a string
[[34m2023-04-10 10:07:19[39m] [[33merror[39m]: Error at saving product: Error
[[34m2023-04-10 10:07:19[39m] [[33merror[39m]: Error at controller saveProduct: Error
[[34m2023-04-10 10:21:37[39m] [[33merror[39m]: Invalid format of product: ValidationError: "_id" must be a string
[[34m2023-04-10 10:21:37[39m] [[33merror[39m]: Error at saving product: Error
[[34m2023-04-10 10:21:37[39m] [[33merror[39m]: Error at controller saveProduct: Error
[[34m2023-04-10 10:24:52[39m] [[33merror[39m]: Invalid format of product: ValidationError: "_id" must be a string
[[34m2023-04-10 10:24:52[39m] [[33merror[39m]: Error at saving product: Error
[[34m2023-04-10 10:24:52[39m] [[33merror[39m]: Error at controller saveProduct: Error
[[34m2023-04-10 10:27:32[39m] [[33merror[39m]: Invalid format of product: ValidationError: "_id" must be a string
[[34m2023-04-10 10:27:32[39m] [[33merror[39m]: Error at saving product: Error
[[34m2023-04-10 10:27:32[39m] [[33merror[39m]: Error at controller saveProduct: Error
[[34m2023-04-10 17:03:24[39m] [[33merror[39m]: Invalid format of product: ValidationError: "_id" must be a string
[[34m2023-04-10 17:03:24[39m] [[33merror[39m]: Error at saving product: Error
[[34m2023-04-10 17:03:24[39m] [[33merror[39m]: Error at controller saveProduct: Error
[[34m2023-04-10 17:04:59[39m] [[33merror[39m]: Invalid format of product: ValidationError: "_id" must be a string
[[34m2023-04-10 17:04:59[39m] [[33merror[39m]: Error at saving product: Error
[[34m2023-04-10 17:04:59[39m] [[33merror[39m]: Error at controller saveProduct: Error
[[34m2023-04-10 17:06:24[39m] [[33merror[39m]: Invalid format of product: ValidationError: "_id" must be a string
[[34m2023-04-10 17:06:24[39m] [[33merror[39m]: Error at saving product: Error
[[34m2023-04-10 17:06:24[39m] [[33merror[39m]: Error at controller saveProduct: Error
[[34m2023-04-10 17:07:25[39m] [[33merror[39m]: Invalid format of product: ValidationError: "name" is required
[[34m2023-04-10 17:07:25[39m] [[33merror[39m]: Error at saving product: Error
[[34m2023-04-10 17:07:25[39m] [[33merror[39m]: Error at controller saveProduct: Error
[[34m2023-04-10 17:08:39[39m] [[33merror[39m]: Invalid format of product: ValidationError: "name" is required
[[34m2023-04-10 17:08:39[39m] [[33merror[39m]: Error at saving product: Error
[[34m2023-04-10 17:08:39[39m] [[33merror[39m]: Error at controller saveProduct: Error
[[34m2023-04-10 17:11:42[39m] [[33merror[39m]: Invalid format of product: ValidationError: "name" is required
[[34m2023-04-10 17:11:42[39m] [[33merror[39m]: Error at saving product: Error
[[34m2023-04-10 17:11:42[39m] [[33merror[39m]: Error at controller saveProduct: Error
[[34m2023-04-10 17:14:18[39m] [[33merror[39m]: Invalid format of product: ValidationError: "name" is required
[[34m2023-04-10 17:14:18[39m] [[33merror[39m]: Error at saving product: Error
[[34m2023-04-10 17:14:18[39m] [[33merror[39m]: Error at controller saveProduct: Error
[[34m2023-04-10 17:15:49[39m] [[33merror[39m]: Invalid format of product: ValidationError: "soldQty" is required
[[34m2023-04-10 17:15:49[39m] [[33merror[39m]: Error at saving product: Error
[[34m2023-04-10 17:15:49[39m] [[33merror[39m]: Error at controller saveProduct: Error
[[34m2023-04-10 17:16:49[39m] [[33merror[39m]: Invalid format of product: ValidationError: "$__" is not allowed
[[34m2023-04-10 17:16:49[39m] [[33merror[39m]: Error at saving product: Error
[[34m2023-04-10 17:16:49[39m] [[33merror[39m]: Error at controller saveProduct: Error
[[34m2023-04-10 17:38:58[39m] [[33merror[39m]: Invalid format of product: ValidationError: "thumbnail" is required
[[34m2023-04-10 17:38:58[39m] [[33merror[39m]: Error updating the product: Error
[[34m2023-04-10 17:38:58[39m] [[33merror[39m]: Error at controller updateProduct: Error
[[34m2023-04-11 17:07:45[39m] [[33merror[39m]: Error at controller saveProduct: Error
[[34m2023-04-11 17:08:17[39m] [[33merror[39m]: Error at controller saveProduct: Error: Product at controller saveProduct its undefined
[[34m2023-04-11 19:22:13[39m] [[33merror[39m]: Error at finding document: Error: ENOENT: no such file or directory, open 'C:\Users\Alexis Graff\Desktop\Mis proyectos\Node JS\Final project Node JS\Back-End-eCommerce\src\containers\test.txt'
[[34m2023-04-11 19:22:47[39m] [[33merror[39m]: Error at finding document: Error: ENOENT: no such file or directory, open 'C:\Users\Alexis Graff\Desktop\Mis proyectos\Node JS\Final project Node JS\Back-End-eCommerce\src\containers\test.txt'
[[34m2023-04-11 19:22:47[39m] [[33merror[39m]: Error in SignUp Error: ENOENT: no such file or directory, open 'C:\Users\Alexis Graff\Desktop\Mis proyectos\Node JS\Final project Node JS\Back-End-eCommerce\src\containers\test.txt'
[[34m2023-04-11 19:25:12[39m] [[33merror[39m]: Error at finding document: Error: ENOENT: no such file or directory, open 'C:\Users\Alexis Graff\Desktop\Mis proyectos\Node JS\Final project Node JS\Back-End-eCommerce\src\containers\test.txt'
[[34m2023-04-11 19:25:12[39m] [[33merror[39m]: Error in SignUp Error: ENOENT: no such file or directory, open 'C:\Users\Alexis Graff\Desktop\Mis proyectos\Node JS\Final project Node JS\Back-End-eCommerce\src\containers\test.txt'
[[34m2023-04-11 20:17:51[39m] [[33merror[39m]: Error at finding document: Error: ENOENT: no such file or directory, open 'C:\Users\Alexis Graff\Desktop\Mis proyectos\Node JS\Final project Node JS\Back-End-eCommerce\src\containers\test.txt'
[[34m2023-04-11 20:17:51[39m] [[33merror[39m]: Error in SignUp Error: ENOENT: no such file or directory, open 'C:\Users\Alexis Graff\Desktop\Mis proyectos\Node JS\Final project Node JS\Back-End-eCommerce\src\containers\test.txt'
[[34m2023-04-11 20:18:50[39m] [[33merror[39m]: Error at finding document: Error: ENOENT: no such file or directory, open 'C:\Users\Alexis Graff\Desktop\Mis proyectos\Node JS\Final project Node JS\Back-End-eCommerce\src\containers\test.txt'
[[34m2023-04-11 20:18:50[39m] [[33merror[39m]: Error in SignUp Error: ENOENT: no such file or directory, open 'C:\Users\Alexis Graff\Desktop\Mis proyectos\Node JS\Final project Node JS\Back-End-eCommerce\src\containers\test.txt'
[[34m2023-04-11 20:22:10[39m] [[33merror[39m]: Error at finding document: Error: ENOENT: no such file or directory, open 'C:\Users\Alexis Graff\Desktop\Mis proyectos\Node JS\Final project Node JS\Back-End-eCommerce\src\datanase\fyleSystem\users.txt'
[[34m2023-04-11 20:22:10[39m] [[33merror[39m]: Error in SignUp Error: ENOENT: no such file or directory, open 'C:\Users\Alexis Graff\Desktop\Mis proyectos\Node JS\Final project Node JS\Back-End-eCommerce\src\datanase\fyleSystem\users.txt'
[[34m2023-04-11 20:22:36[39m] [[33merror[39m]: Error at finding document: Error: ENOENT: no such file or directory, open 'C:\Users\Alexis Graff\Desktop\Mis proyectos\Node JS\Final project Node JS\Back-End-eCommerce\src\database\fyleSystem\users.txt'
[[34m2023-04-11 20:22:36[39m] [[33merror[39m]: Error in SignUp Error: ENOENT: no such file or directory, open 'C:\Users\Alexis Graff\Desktop\Mis proyectos\Node JS\Final project Node JS\Back-End-eCommerce\src\database\fyleSystem\users.txt'
[[34m2023-04-11 20:23:22[39m] [[33merror[39m]: Error at finding document: SyntaxError: Unexpected end of JSON input
[[34m2023-04-11 20:23:22[39m] [[33merror[39m]: Error in SignUp SyntaxError: Unexpected end of JSON input
[[34m2023-04-11 20:27:32[39m] [[33merror[39m]: Error at finding document by ID: SyntaxError: Unexpected end of JSON input
[[34m2023-04-11 20:28:46[39m] [[33merror[39m]: Error at finding document by ID: Error: ENOENT: no such file or directory, open 'C:\Users\Alexis Graff\Desktop\Mis proyectos\Node JS\Final project Node JS\Back-End-eCommerce\database\fileSystem\users.txt'
[[34m2023-04-11 20:29:04[39m] [[33merror[39m]: Error at finding document by ID: SyntaxError: Unexpected end of JSON input
[[34m2023-04-11 20:33:48[39m] [[33merror[39m]: Error at finding document by ID: Error: ENOENT: no such file or directory, open 'C:\Users\Alexis Graff\Desktop\Mis proyectos\Node JS\Final project Node JS\Back-End-eCommerce\src\database\fileSystem\users.txt'
[[34m2023-04-11 21:27:57[39m] [[33merror[39m]: Error in Saving user MongooseError: Operation `users.insertOne()` buffering timed out after 10000ms
[[34m2023-04-11 22:06:28[39m] [[33merror[39m]: Error at finding document by ID: SyntaxError: Unexpected token } in JSON at position 308
[[34m2023-04-11 22:14:39[39m] [[33merror[39m]: Error at getAll FS, Error: ENOENT: no such file or directory, open 'C:\Users\Alexis Graff\Desktop\Mis proyectos\Node JS\Final project Node JS\Back-End-eCommerce\src\containers\products.txt'
[[34m2023-04-11 22:14:39[39m] [[33merror[39m]: Error at getting all products: Error
[[34m2023-04-11 22:14:39[39m] [[33merror[39m]: Error at controller getProducts: Error
[[34m2023-04-11 22:15:37[39m] [[33merror[39m]: Error at getAll FS, Error: ENOENT: no such file or directory, open 'C:\Users\Alexis Graff\Desktop\Mis proyectos\Node JS\Final project Node JS\Back-End-eCommerce\src\containers\products.txt'
[[34m2023-04-11 22:15:37[39m] [[33merror[39m]: Error at getting all products: Error
[[34m2023-04-11 22:15:37[39m] [[33merror[39m]: Error at controller getProducts: Error
[[34m2023-04-11 22:15:59[39m] [[33merror[39m]: Error at getAll FS, Error: ENOENT: no such file or directory, open 'C:\Users\Alexis Graff\Desktop\Mis proyectos\Node JS\Final project Node JS\Back-End-eCommerce\src\containers\products.txt'
[[34m2023-04-11 22:15:59[39m] [[33merror[39m]: Error at getting all products: Error
[[34m2023-04-11 22:15:59[39m] [[33merror[39m]: Error at controller getProducts: Error
[[34m2023-04-11 22:16:35[39m] [[33merror[39m]: Error at getAll FS, Error: ENOENT: no such file or directory, open 'C:\Users\Alexis Graff\Desktop\Mis proyectos\Node JS\Final project Node JS\Back-End-eCommerce\src\containers\products.txt'
[[34m2023-04-11 22:16:35[39m] [[33merror[39m]: Error at getting all products: Error
[[34m2023-04-11 22:16:35[39m] [[33merror[39m]: Error at controller getProducts: Error
[[34m2023-04-13 17:08:11[39m] [[33merror[39m]: Invalid format of message: ValidationError: "created_at" is required
[[34m2023-04-13 17:08:11[39m] [[33merror[39m]: Error at saving chat on Service: Error
[[34m2023-04-13 17:08:11[39m] [[33merror[39m]: Error at controller Chat, saveMessage: Error
[[34m2023-04-13 17:08:51[39m] [[33merror[39m]: Invalid format of message: ValidationError: "created_at" is required
[[34m2023-04-13 17:08:51[39m] [[33merror[39m]: Error at saving chat on Service: Error
[[34m2023-04-13 17:08:51[39m] [[33merror[39m]: Error at controller Chat, saveMessage: Error
[[34m2023-04-13 17:10:02[39m] [[33merror[39m]: Invalid format of message: ValidationError: "created_at" is required
[[34m2023-04-13 17:10:02[39m] [[33merror[39m]: Error at saving chat on Service: Error
[[34m2023-04-13 17:10:02[39m] [[33merror[39m]: Error at controller Chat, saveMessage: Error
[[34m2023-04-13 17:11:07[39m] [[33merror[39m]: Invalid format of message: ValidationError: "created_at" is required
[[34m2023-04-13 17:11:07[39m] [[33merror[39m]: Error at saving chat on Service: Error
[[34m2023-04-13 17:11:07[39m] [[33merror[39m]: Error at controller Chat, saveMessage: Error
[[34m2023-04-13 17:15:02[39m] [[33merror[39m]: Invalid format of message: ValidationError: "username" must be a valid email
[[34m2023-04-13 17:15:02[39m] [[33merror[39m]: Error at saving chat on Service: Error
[[34m2023-04-13 17:15:02[39m] [[33merror[39m]: Error at controller Chat, saveMessage: Error
[[34m2023-04-13 17:15:32[39m] [[33merror[39m]: Invalid format of message: ValidationError: "username" is required
[[34m2023-04-13 17:15:32[39m] [[33merror[39m]: Error at saving chat on Service: Error
[[34m2023-04-13 17:15:32[39m] [[33merror[39m]: Error at controller Chat, saveMessage: Error
[[34m2023-04-17 16:07:24[39m] [[33merror[39m]: Error at controller sendEmail: Error
[[34m2023-04-17 16:10:07[39m] [[33merror[39m]: Error at controller sendEmail: Error
[[34m2023-04-17 16:11:14[39m] [[33merror[39m]: Invalid format of client order: ValidationError: "amount" must be a string
[[34m2023-04-17 16:11:14[39m] [[33merror[39m]: Error at saving order on Service: Error
[[34m2023-04-17 16:11:14[39m] [[33merror[39m]: Error at controller Order, createOrder: Error
[[34m2023-04-17 16:11:44[39m] [[33merror[39m]: Invalid format of client order: ValidationError: "products" must be of type object
[[34m2023-04-17 16:11:44[39m] [[33merror[39m]: Error at saving order on Service: Error
[[34m2023-04-17 16:11:44[39m] [[33merror[39m]: Error at controller Order, createOrder: Error
[[34m2023-04-17 20:02:39[39m] [[33merror[39m]: Invalid format of client order: ValidationError: "amount" is required
[[34m2023-04-17 20:02:39[39m] [[33merror[39m]: Error at saving order on Service: Error
[[34m2023-04-17 20:02:39[39m] [[33merror[39m]: Error at controller Order, createOrder: Error
[[34m2023-04-20 19:51:26[39m] [[33merror[39m]: Invalid format of client order: ValidationError: "products" is not allowed
[[34m2023-04-20 19:51:26[39m] [[33merror[39m]: Error at saving order on Service: Error
[[34m2023-04-20 19:51:26[39m] [[33merror[39m]: Error at controller Order, createOrder: Error
[[34m2023-04-20 19:53:55[39m] [[33merror[39m]: Invalid format of client order: ValidationError: "cart[0].price" is not allowed
[[34m2023-04-20 19:53:55[39m] [[33merror[39m]: Error at saving order on Service: Error
[[34m2023-04-20 19:53:55[39m] [[33merror[39m]: Error at controller Order, createOrder: Error
[[34m2023-04-20 19:55:06[39m] [[33merror[39m]: Invalid format of client order: ValidationError: "cart[0].price" is not allowed
[[34m2023-04-20 19:55:06[39m] [[33merror[39m]: Error at saving order on Service: Error
[[34m2023-04-20 19:55:06[39m] [[33merror[39m]: Error at controller Order, createOrder: Error
[[34m2023-04-21 11:49:40[39m] [[33merror[39m]: Invalid format of client order: ValidationError: "test" is not allowed
[[34m2023-04-21 11:49:40[39m] [[33merror[39m]: Error at saving order on Service: Error
[[34m2023-04-21 11:49:40[39m] [[33merror[39m]: Error at controller Order, createOrder: Error
[[34m2023-04-21 17:01:33[39m] [[33merror[39m]: Error at controller Order, getOrders: TypeError: Cannot read properties of undefined (reading 'serviceOrder')
[[34m2023-04-21 17:05:07[39m] [[33merror[39m]: Error at controller Order, getOrders: TypeError: Cannot read properties of undefined (reading 'serviceOrder')
[[34m2023-04-21 17:07:06[39m] [[33merror[39m]: Error at controller Order, getOrders: TypeError: Cannot read properties of undefined (reading 'serviceOrder')
[[34m2023-04-21 17:07:25[39m] [[33merror[39m]: Error at controller Order, getOrders: TypeError: Cannot read properties of undefined (reading 'serviceOrder')
[[34m2023-04-21 17:12:03[39m] [[33merror[39m]: Error at controller Order, getOrders: TypeError: Cannot read properties of undefined (reading 'serviceOrder')
[[34m2023-04-21 17:14:56[39m] [[33merror[39m]: Error at controller Order, getOrders: TypeError: Cannot read properties of undefined (reading 'serviceOrder')
[[34m2023-04-21 21:06:00[39m] [[33merror[39m]: Error at getAll FS, SyntaxError: Unexpected end of JSON input
[[34m2023-04-21 21:06:00[39m] [[33merror[39m]: Error at getting all products: Error
[[34m2023-04-21 21:06:00[39m] [[33merror[39m]: Error at controller getProducts:
[[34m2023-04-21 21:06:26[39m] [[33merror[39m]: Error at getAll FS, SyntaxError: Unexpected end of JSON input
[[34m2023-04-21 21:06:26[39m] [[33merror[39m]: Error at getting all products: Error
[[34m2023-04-21 21:06:26[39m] [[33merror[39m]: Error at controller getProducts: Error
[[34m2023-04-21 21:16:47[39m] [[33merror[39m]: Product 643494dbc17556d3223d7141 could not be updated
[[34m2023-04-21 21:16:47[39m] [[33merror[39m]: Product 643495a0c17556d3223d7147 could not be updated
[[34m2023-04-21 21:19:09[39m] [[33merror[39m]: Product 643494dbc17556d3223d7141 could not be updated
[[34m2023-04-21 21:21:17[39m] [[33merror[39m]: Product 643494dbc17556d3223d7141 could not be updated
[[34m2023-04-21 21:21:17[39m] [[33merror[39m]: Error updating stock and sold qty: Error
[[34m2023-04-21 21:21:17[39m] [[33merror[39m]: Error at controller Order, createOrder: Error: Could not update stock and sold qty
[[34m2023-04-21 21:22:05[39m] [[33merror[39m]: Product 643494dbc17556d3223d7141 could not be updated
[[34m2023-04-21 21:22:05[39m] [[33merror[39m]: Error updating stock and sold qty: Error
[[34m2023-04-21 21:22:05[39m] [[33merror[39m]: Error at controller Order, createOrder: Error: Could not update stock and sold qty
[[34m2023-04-22 20:46:02[39m] [[33merror[39m]: Invalid format of client order: ValidationError: "amount" must be greater than or equal to 1
[[34m2023-04-22 20:46:02[39m] [[33merror[39m]: Error at saving order on Service: Error
[[34m2023-04-22 20:46:02[39m] [[33merror[39m]: Error at controller Order, createOrder: Error
